Flow report for p3
Fri Dec 16 18:27:23 2022
Quartus Prime Version 18.1.0 Build 625 09/12/2018 SJ Lite Edition


---------------------
; Table of Contents ;
---------------------
  1. Legal Notice
  2. Flow Summary
  3. Flow Settings
  4. Flow Non-Default Global Settings
  5. Flow Elapsed Time
  6. Flow OS Summary
  7. Flow Log
  8. Flow Messages
  9. Flow Suppressed Messages



----------------
; Legal Notice ;
----------------
Copyright (C) 2018  Intel Corporation. All rights reserved.
Your use of Intel Corporation's design tools, logic functions 
and other software and tools, and its AMPP partner logic 
functions, and any output files from any of the foregoing 
(including device programming or simulation files), and any 
associated documentation or information are expressly subject 
to the terms and conditions of the Intel Program License 
Subscription Agreement, the Intel Quartus Prime License Agreement,
the Intel FPGA IP License Agreement, or other applicable license
agreement, including, without limitation, that your use is for
the sole purpose of programming logic devices manufactured by
Intel and sold by Intel or its authorized distributors.  Please
refer to the applicable agreement for further details.



+---------------------------------------------------------------------+
; Flow Summary                                                        ;
+-----------------------+---------------------------------------------+
; Flow Status           ; Successful - Fri Dec 16 18:27:05 2022       ;
; Quartus Prime Version ; 18.1.0 Build 625 09/12/2018 SJ Lite Edition ;
; Revision Name         ; p3                                          ;
; Top-level Entity Name ; main                                        ;
; Family                ; MAX II                                      ;
; Device                ; EPM240T100C5                                ;
; Timing Models         ; Final                                       ;
; Total logic elements  ; 168 / 240 ( 70 % )                          ;
; Total pins            ; 24 / 80 ( 30 % )                            ;
; Total virtual pins    ; 0                                           ;
; UFM blocks            ; 0 / 1 ( 0 % )                               ;
+-----------------------+---------------------------------------------+


+-----------------------------------------+
; Flow Settings                           ;
+-------------------+---------------------+
; Option            ; Setting             ;
+-------------------+---------------------+
; Start date & time ; 12/16/2022 18:24:49 ;
; Main task         ; Compilation         ;
; Revision Name     ; p3                  ;
+-------------------+---------------------+


+-------------------------------------------------------------------------------------------------------------------+
; Flow Non-Default Global Settings                                                                                  ;
+---------------------------------------+--------------------------------+---------------+-------------+------------+
; Assignment Name                       ; Value                          ; Default Value ; Entity Name ; Section Id ;
+---------------------------------------+--------------------------------+---------------+-------------+------------+
; COMPILER_SIGNATURE_ID                 ; 31032335611067.167122588604308 ; --            ; --          ; --         ;
; MAX_CORE_JUNCTION_TEMP                ; 85                             ; --            ; --          ; --         ;
; MIN_CORE_JUNCTION_TEMP                ; 0                              ; --            ; --          ; --         ;
; POWER_EXT_SUPPLY_VOLTAGE_TO_REGULATOR ; 3.3V                           ; --            ; --          ; --         ;
; PROJECT_OUTPUT_DIRECTORY              ; output_files                   ; --            ; --          ; --         ;
; TOP_LEVEL_ENTITY                      ; main                           ; p3            ; --          ; --         ;
+---------------------------------------+--------------------------------+---------------+-------------+------------+


+--------------------------------------------------------------------------------------------------------------------------+
; Flow Elapsed Time                                                                                                        ;
+----------------------+--------------+-------------------------+---------------------+------------------------------------+
; Module Name          ; Elapsed Time ; Average Processors Used ; Peak Virtual Memory ; Total CPU Time (on all processors) ;
+----------------------+--------------+-------------------------+---------------------+------------------------------------+
; Analysis & Synthesis ; 00:01:43     ; 1.0                     ; 4711 MB             ; 00:02:20                           ;
; Fitter               ; 00:00:21     ; 1.0                     ; 5321 MB             ; 00:00:16                           ;
; Assembler            ; 00:00:11     ; 1.0                     ; 4647 MB             ; 00:00:03                           ;
; Timing Analyzer      ; 00:00:13     ; 1.0                     ; 4667 MB             ; 00:00:09                           ;
; Total                ; 00:02:28     ; --                      ; --                  ; 00:02:48                           ;
+----------------------+--------------+-------------------------+---------------------+------------------------------------+


+------------------------------------------------------------------------------------+
; Flow OS Summary                                                                    ;
+----------------------+------------------+------------+------------+----------------+
; Module Name          ; Machine Hostname ; OS Name    ; OS Version ; Processor type ;
+----------------------+------------------+------------+------------+----------------+
; Analysis & Synthesis ; DESKTOP-57R72BI  ; Windows 10 ; 10.0       ; x86_64         ;
; Fitter               ; DESKTOP-57R72BI  ; Windows 10 ; 10.0       ; x86_64         ;
; Assembler            ; DESKTOP-57R72BI  ; Windows 10 ; 10.0       ; x86_64         ;
; Timing Analyzer      ; DESKTOP-57R72BI  ; Windows 10 ; 10.0       ; x86_64         ;
+----------------------+------------------+------------+------------+----------------+


------------
; Flow Log ;
------------
quartus_map --read_settings_files=on --write_settings_files=off p3 -c p3
quartus_fit --read_settings_files=off --write_settings_files=off p3 -c p3
quartus_asm --read_settings_files=off --write_settings_files=off p3 -c p3
quartus_sta p3 -c p3



