Analysis & Synthesis report for p3
Fri Dec 16 18:26:25 2022
Quartus Prime Version 18.1.0 Build 625 09/12/2018 SJ Lite Edition


---------------------
; Table of Contents ;
---------------------
  1. Legal Notice
  2. Analysis & Synthesis Summary
  3. Analysis & Synthesis Settings
  4. Parallel Compilation
  5. Analysis & Synthesis Source Files Read
  6. Analysis & Synthesis Resource Usage Summary
  7. Analysis & Synthesis Resource Utilization by Entity
  8. State Machine - |main|MEF_Senha_DEBUG:mef2|state
  9. State Machine - |main|MEF_Principal_DEBUG:mef1|state
 10. State Machine - |main|LevelToPulseMoore:l3|state
 11. State Machine - |main|LevelToPulseMoore:l2|state
 12. State Machine - |main|LevelToPulseMoore:l1|state
 13. State Machine - |main|LevelToPulseMoore:l0|state
 14. Registers Removed During Synthesis
 15. General Register Statistics
 16. Multiplexer Restructuring Statistics (Restructuring Performed)
 17. Parameter Settings for User Entity Instance: LevelToPulseMoore:l0
 18. Parameter Settings for User Entity Instance: LevelToPulseMoore:l1
 19. Parameter Settings for User Entity Instance: LevelToPulseMoore:l2
 20. Parameter Settings for User Entity Instance: LevelToPulseMoore:l3
 21. Parameter Settings for User Entity Instance: MEF_Principal_DEBUG:mef1
 22. Parameter Settings for User Entity Instance: MEF_Senha_DEBUG:mef2
 23. Analysis & Synthesis Messages



----------------
; Legal Notice ;
----------------
Copyright (C) 2018  Intel Corporation. All rights reserved.
Your use of Intel Corporation's design tools, logic functions 
and other software and tools, and its AMPP partner logic 
functions, and any output files from any of the foregoing 
(including device programming or simulation files), and any 
associated documentation or information are expressly subject 
to the terms and conditions of the Intel Program License 
Subscription Agreement, the Intel Quartus Prime License Agreement,
the Intel FPGA IP License Agreement, or other applicable license
agreement, including, without limitation, that your use is for
the sole purpose of programming logic devices manufactured by
Intel and sold by Intel or its authorized distributors.  Please
refer to the applicable agreement for further details.



+---------------------------------------------------------------------------+
; Analysis & Synthesis Summary                                              ;
+-----------------------------+---------------------------------------------+
; Analysis & Synthesis Status ; Successful - Fri Dec 16 18:26:25 2022       ;
; Quartus Prime Version       ; 18.1.0 Build 625 09/12/2018 SJ Lite Edition ;
; Revision Name               ; p3                                          ;
; Top-level Entity Name       ; main                                        ;
; Family                      ; MAX II                                      ;
; Total logic elements        ; 168                                         ;
; Total pins                  ; 24                                          ;
; Total virtual pins          ; 0                                           ;
; UFM blocks                  ; 0 / 1 ( 0 % )                               ;
+-----------------------------+---------------------------------------------+


+------------------------------------------------------------------------------------------------------------+
; Analysis & Synthesis Settings                                                                              ;
+------------------------------------------------------------------+--------------------+--------------------+
; Option                                                           ; Setting            ; Default Value      ;
+------------------------------------------------------------------+--------------------+--------------------+
; Device                                                           ; EPM240T100C5       ;                    ;
; Top-level entity name                                            ; main               ; p3                 ;
; Family name                                                      ; MAX II             ; Cyclone V          ;
; Use smart compilation                                            ; Off                ; Off                ;
; Enable parallel Assembler and Timing Analyzer during compilation ; On                 ; On                 ;
; Enable compact report table                                      ; Off                ; Off                ;
; Restructure Multiplexers                                         ; Auto               ; Auto               ;
; Create Debugging Nodes for IP Cores                              ; Off                ; Off                ;
; Preserve fewer node names                                        ; On                 ; On                 ;
; Intel FPGA IP Evaluation Mode                                    ; Enable             ; Enable             ;
; Verilog Version                                                  ; Verilog_2001       ; Verilog_2001       ;
; VHDL Version                                                     ; VHDL_1993          ; VHDL_1993          ;
; State Machine Processing                                         ; Auto               ; Auto               ;
; Safe State Machine                                               ; Off                ; Off                ;
; Extract Verilog State Machines                                   ; On                 ; On                 ;
; Extract VHDL State Machines                                      ; On                 ; On                 ;
; Ignore Verilog initial constructs                                ; Off                ; Off                ;
; Iteration limit for constant Verilog loops                       ; 5000               ; 5000               ;
; Iteration limit for non-constant Verilog loops                   ; 250                ; 250                ;
; Add Pass-Through Logic to Inferred RAMs                          ; On                 ; On                 ;
; Infer RAMs from Raw Logic                                        ; On                 ; On                 ;
; Parallel Synthesis                                               ; On                 ; On                 ;
; NOT Gate Push-Back                                               ; On                 ; On                 ;
; Power-Up Don't Care                                              ; On                 ; On                 ;
; Remove Redundant Logic Cells                                     ; Off                ; Off                ;
; Remove Duplicate Registers                                       ; On                 ; On                 ;
; Ignore CARRY Buffers                                             ; Off                ; Off                ;
; Ignore CASCADE Buffers                                           ; Off                ; Off                ;
; Ignore GLOBAL Buffers                                            ; Off                ; Off                ;
; Ignore ROW GLOBAL Buffers                                        ; Off                ; Off                ;
; Ignore LCELL Buffers                                             ; Off                ; Off                ;
; Ignore SOFT Buffers                                              ; On                 ; On                 ;
; Limit AHDL Integers to 32 Bits                                   ; Off                ; Off                ;
; Optimization Technique                                           ; Balanced           ; Balanced           ;
; Carry Chain Length                                               ; 70                 ; 70                 ;
; Auto Carry Chains                                                ; On                 ; On                 ;
; Auto Open-Drain Pins                                             ; On                 ; On                 ;
; Perform WYSIWYG Primitive Resynthesis                            ; Off                ; Off                ;
; Auto Shift Register Replacement                                  ; Auto               ; Auto               ;
; Allow Shift Register Merging across Hierarchies                  ; Auto               ; Auto               ;
; Auto Clock Enable Replacement                                    ; On                 ; On                 ;
; Allow Synchronous Control Signals                                ; On                 ; On                 ;
; Force Use of Synchronous Clear Signals                           ; Off                ; Off                ;
; Auto Resource Sharing                                            ; Off                ; Off                ;
; Use LogicLock Constraints during Resource Balancing              ; On                 ; On                 ;
; Ignore translate_off and synthesis_off directives                ; Off                ; Off                ;
; Report Parameter Settings                                        ; On                 ; On                 ;
; Report Source Assignments                                        ; On                 ; On                 ;
; Report Connectivity Checks                                       ; On                 ; On                 ;
; Ignore Maximum Fan-Out Assignments                               ; Off                ; Off                ;
; Synchronization Register Chain Length                            ; 2                  ; 2                  ;
; Power Optimization During Synthesis                              ; Normal compilation ; Normal compilation ;
; HDL message level                                                ; Level2             ; Level2             ;
; Suppress Register Optimization Related Messages                  ; Off                ; Off                ;
; Number of Removed Registers Reported in Synthesis Report         ; 5000               ; 5000               ;
; Number of Swept Nodes Reported in Synthesis Report               ; 5000               ; 5000               ;
; Number of Inverted Registers Reported in Synthesis Report        ; 100                ; 100                ;
; Clock MUX Protection                                             ; On                 ; On                 ;
; Block Design Naming                                              ; Auto               ; Auto               ;
; Synthesis Effort                                                 ; Auto               ; Auto               ;
; Shift Register Replacement - Allow Asynchronous Clear Signal     ; On                 ; On                 ;
; Analysis & Synthesis Message Level                               ; Medium             ; Medium             ;
; Disable Register Merging Across Hierarchies                      ; Auto               ; Auto               ;
+------------------------------------------------------------------+--------------------+--------------------+


+------------------------------------------+
; Parallel Compilation                     ;
+----------------------------+-------------+
; Processors                 ; Number      ;
+----------------------------+-------------+
; Number detected on machine ; 4           ;
; Maximum allowed            ; 4           ;
;                            ;             ;
; Average used               ; 1.00        ;
; Maximum used               ; 1           ;
;                            ;             ;
; Usage by Processor         ; % Time Used ;
;     Processor 1            ; 100.0%      ;
+----------------------------+-------------+


+--------------------------------------------------------------------------------------------------------------------------------------------------------+
; Analysis & Synthesis Source Files Read                                                                                                                 ;
+----------------------------------+-----------------+------------------------+----------------------------------------------------------------+---------+
; File Name with User-Entered Path ; Used in Netlist ; File Type              ; File Name with Absolute Path                                   ; Library ;
+----------------------------------+-----------------+------------------------+----------------------------------------------------------------+---------+
; Codificador_Botoes.v             ; yes             ; User Verilog HDL File  ; C:/Users/washi/Downloads/problema_03/Codificador_Botoes.v      ;         ;
; LevelToPulseMoore.v              ; yes             ; User Verilog HDL File  ; C:/Users/washi/Downloads/problema_03/LevelToPulseMoore.v       ;         ;
; MEF_Senha_DEBUG.v                ; yes             ; User Verilog HDL File  ; C:/Users/washi/Downloads/problema_03/MEF_Senha_DEBUG.v         ;         ;
; MEF_Principal_DEBUG.v            ; yes             ; User Verilog HDL File  ; C:/Users/washi/Downloads/problema_03/MEF_Principal_DEBUG.v     ;         ;
; main.v                           ; yes             ; User Verilog HDL File  ; C:/Users/washi/Downloads/problema_03/main.v                    ;         ;
; Divisor_Frequencia.v             ; yes             ; User Verilog HDL File  ; C:/Users/washi/Downloads/problema_03/Divisor_Frequencia.v      ;         ;
; Decodificador_Segmentos.v        ; yes             ; User Verilog HDL File  ; C:/Users/washi/Downloads/problema_03/Decodificador_Segmentos.v ;         ;
; Turn_On_Digit.v                  ; yes             ; User Verilog HDL File  ; C:/Users/washi/Downloads/problema_03/Turn_On_Digit.v           ;         ;
; Scheduler.v                      ; yes             ; User Verilog HDL File  ; C:/Users/washi/Downloads/problema_03/Scheduler.v               ;         ;
; On_Display.v                     ; yes             ; User Verilog HDL File  ; C:/Users/washi/Downloads/problema_03/On_Display.v              ;         ;
; Controller_RGB.v                 ; yes             ; User Verilog HDL File  ; C:/Users/washi/Downloads/problema_03/Controller_RGB.v          ;         ;
; Controller_Cancela.v             ; yes             ; User Verilog HDL File  ; C:/Users/washi/Downloads/problema_03/Controller_Cancela.v      ;         ;
; Codificador_Estados.v            ; yes             ; User Verilog HDL File  ; C:/Users/washi/Downloads/problema_03/Codificador_Estados.v     ;         ;
; Divisor_Frequencia_1Hz.v         ; yes             ; User Verilog HDL File  ; C:/Users/washi/Downloads/problema_03/Divisor_Frequencia_1Hz.v  ;         ;
; Temporizador_20s.v               ; yes             ; User Verilog HDL File  ; C:/Users/washi/Downloads/problema_03/Temporizador_20s.v        ;         ;
; Primeiro_Divisor.v               ; yes             ; User Verilog HDL File  ; C:/Users/washi/Downloads/problema_03/Primeiro_Divisor.v        ;         ;
+----------------------------------+-----------------+------------------------+----------------------------------------------------------------+---------+


+--------------------------------------------------------+
; Analysis & Synthesis Resource Usage Summary            ;
+---------------------------------------------+----------+
; Resource                                    ; Usage    ;
+---------------------------------------------+----------+
; Total logic elements                        ; 168      ;
;     -- Combinational with no register       ; 71       ;
;     -- Register only                        ; 0        ;
;     -- Combinational with a register        ; 97       ;
;                                             ;          ;
; Logic element usage by number of LUT inputs ;          ;
;     -- 4 input functions                    ; 48       ;
;     -- 3 input functions                    ; 9        ;
;     -- 2 input functions                    ; 102      ;
;     -- 1 input functions                    ; 9        ;
;     -- 0 input functions                    ; 0        ;
;                                             ;          ;
; Logic elements by mode                      ;          ;
;     -- normal mode                          ; 100      ;
;     -- arithmetic mode                      ; 68       ;
;     -- qfbk mode                            ; 0        ;
;     -- register cascade mode                ; 0        ;
;     -- synchronous clear/load mode          ; 26       ;
;     -- asynchronous clear/load mode         ; 0        ;
;                                             ;          ;
; Total registers                             ; 97       ;
; Total logic cells in carry chains           ; 72       ;
; I/O pins                                    ; 24       ;
; Maximum fan-out node                        ; CLK_FPGA ;
; Maximum fan-out                             ; 64       ;
; Total fan-out                               ; 571      ;
; Average fan-out                             ; 2.97     ;
+---------------------------------------------+----------+


+----------------------------------------------------------------------------------------------------------------------------------------------------------------------------------------------------------------------------------------------------------------------------------+
; Analysis & Synthesis Resource Utilization by Entity                                                                                                                                                                                                                              ;
+-----------------------------------------+-------------+--------------+------------+------+--------------+--------------+-------------------+------------------+-----------------+------------+------------------------------------------+-------------------------+--------------+
; Compilation Hierarchy Node              ; Logic Cells ; LC Registers ; UFM Blocks ; Pins ; Virtual Pins ; LUT-Only LCs ; Register-Only LCs ; LUT/Register LCs ; Carry Chain LCs ; Packed LCs ; Full Hierarchy Name                      ; Entity Name             ; Library Name ;
+-----------------------------------------+-------------+--------------+------------+------+--------------+--------------+-------------------+------------------+-----------------+------------+------------------------------------------+-------------------------+--------------+
; |main                                   ; 168 (0)     ; 97           ; 0          ; 24   ; 0            ; 71 (0)       ; 0 (0)             ; 97 (0)           ; 72 (0)          ; 0 (0)      ; |main                                    ; main                    ; work         ;
;    |Codificador_Botoes:codificador1|    ; 3 (3)       ; 0            ; 0          ; 0    ; 0            ; 3 (3)        ; 0 (0)             ; 0 (0)            ; 0 (0)           ; 0 (0)      ; |main|Codificador_Botoes:codificador1    ; Codificador_Botoes      ; work         ;
;    |Controller_RGB:controller1|         ; 1 (1)       ; 0            ; 0          ; 0    ; 0            ; 1 (1)        ; 0 (0)             ; 0 (0)            ; 0 (0)           ; 0 (0)      ; |main|Controller_RGB:controller1         ; Controller_RGB          ; work         ;
;    |Decodificador_Segmentos:decoder1|   ; 15 (15)     ; 0            ; 0          ; 0    ; 0            ; 15 (15)      ; 0 (0)             ; 0 (0)            ; 0 (0)           ; 0 (0)      ; |main|Decodificador_Segmentos:decoder1   ; Decodificador_Segmentos ; work         ;
;    |Divisor_Frequencia:divisor_freq|    ; 33 (33)     ; 17           ; 0          ; 0    ; 0            ; 16 (16)      ; 0 (0)             ; 17 (17)          ; 16 (16)         ; 0 (0)      ; |main|Divisor_Frequencia:divisor_freq    ; Divisor_Frequencia      ; work         ;
;    |Divisor_Frequencia_1Hz:divisor_1hz| ; 27 (27)     ; 26           ; 0          ; 0    ; 0            ; 1 (1)        ; 0 (0)             ; 26 (26)          ; 26 (26)         ; 0 (0)      ; |main|Divisor_Frequencia_1Hz:divisor_1hz ; Divisor_Frequencia_1Hz  ; work         ;
;    |LevelToPulseMoore:l0|               ; 2 (2)       ; 2            ; 0          ; 0    ; 0            ; 0 (0)        ; 0 (0)             ; 2 (2)            ; 0 (0)           ; 0 (0)      ; |main|LevelToPulseMoore:l0               ; LevelToPulseMoore       ; work         ;
;    |LevelToPulseMoore:l1|               ; 2 (2)       ; 2            ; 0          ; 0    ; 0            ; 0 (0)        ; 0 (0)             ; 2 (2)            ; 0 (0)           ; 0 (0)      ; |main|LevelToPulseMoore:l1               ; LevelToPulseMoore       ; work         ;
;    |LevelToPulseMoore:l2|               ; 2 (2)       ; 2            ; 0          ; 0    ; 0            ; 0 (0)        ; 0 (0)             ; 2 (2)            ; 0 (0)           ; 0 (0)      ; |main|LevelToPulseMoore:l2               ; LevelToPulseMoore       ; work         ;
;    |LevelToPulseMoore:l3|               ; 2 (2)       ; 2            ; 0          ; 0    ; 0            ; 0 (0)        ; 0 (0)             ; 2 (2)            ; 0 (0)           ; 0 (0)      ; |main|LevelToPulseMoore:l3               ; LevelToPulseMoore       ; work         ;
;    |MEF_Principal_DEBUG:mef1|           ; 13 (13)     ; 6            ; 0          ; 0    ; 0            ; 7 (7)        ; 0 (0)             ; 6 (6)            ; 0 (0)           ; 0 (0)      ; |main|MEF_Principal_DEBUG:mef1           ; MEF_Principal_DEBUG     ; work         ;
;    |MEF_Senha_DEBUG:mef2|               ; 18 (18)     ; 8            ; 0          ; 0    ; 0            ; 10 (10)      ; 0 (0)             ; 8 (8)            ; 0 (0)           ; 0 (0)      ; |main|MEF_Senha_DEBUG:mef2               ; MEF_Senha_DEBUG         ; work         ;
;    |On_Display:on_off_display|          ; 1 (1)       ; 0            ; 0          ; 0    ; 0            ; 1 (1)        ; 0 (0)             ; 0 (0)            ; 0 (0)           ; 0 (0)      ; |main|On_Display:on_off_display          ; On_Display              ; work         ;
;    |Primeiro_Divisor:divisor_c|         ; 21 (21)     ; 21           ; 0          ; 0    ; 0            ; 0 (0)        ; 0 (0)             ; 21 (21)          ; 20 (20)         ; 0 (0)      ; |main|Primeiro_Divisor:divisor_c         ; Primeiro_Divisor        ; work         ;
;    |Temporizador_20s:timer|             ; 24 (24)     ; 11           ; 0          ; 0    ; 0            ; 13 (13)      ; 0 (0)             ; 11 (11)          ; 10 (10)         ; 0 (0)      ; |main|Temporizador_20s:timer             ; Temporizador_20s        ; work         ;
;    |Turn_On_Digit:hh|                   ; 4 (4)       ; 0            ; 0          ; 0    ; 0            ; 4 (4)        ; 0 (0)             ; 0 (0)            ; 0 (0)           ; 0 (0)      ; |main|Turn_On_Digit:hh                   ; Turn_On_Digit           ; work         ;
+-----------------------------------------+-------------+--------------+------------+------+--------------+--------------+-------------------+------------------+-----------------+------------+------------------------------------------+-------------------------+--------------+
Note: For table entries with two numbers listed, the numbers in parentheses indicate the number of resources of the given type used by the specific entity alone. The numbers listed outside of parentheses indicate the total resources of the given type used by the specific entity and all of its sub-entities in the hierarchy.


Encoding Type:  One-Hot
+--------------------------------------------------------------------------------------------------+
; State Machine - |main|MEF_Senha_DEBUG:mef2|state                                                 ;
+----------+----------+----------+----------+----------+----------+----------+----------+----------+
; Name     ; state.IN ; state.ER ; state.OK ; state.S4 ; state.S3 ; state.S2 ; state.S1 ; state.S0 ;
+----------+----------+----------+----------+----------+----------+----------+----------+----------+
; state.S0 ; 0        ; 0        ; 0        ; 0        ; 0        ; 0        ; 0        ; 0        ;
; state.S1 ; 0        ; 0        ; 0        ; 0        ; 0        ; 0        ; 1        ; 1        ;
; state.S2 ; 0        ; 0        ; 0        ; 0        ; 0        ; 1        ; 0        ; 1        ;
; state.S3 ; 0        ; 0        ; 0        ; 0        ; 1        ; 0        ; 0        ; 1        ;
; state.S4 ; 0        ; 0        ; 0        ; 1        ; 0        ; 0        ; 0        ; 1        ;
; state.OK ; 0        ; 0        ; 1        ; 0        ; 0        ; 0        ; 0        ; 1        ;
; state.ER ; 0        ; 1        ; 0        ; 0        ; 0        ; 0        ; 0        ; 1        ;
; state.IN ; 1        ; 0        ; 0        ; 0        ; 0        ; 0        ; 0        ; 1        ;
+----------+----------+----------+----------+----------+----------+----------+----------+----------+


Encoding Type:  One-Hot
+---------------------------------------------------------------------+
; State Machine - |main|MEF_Principal_DEBUG:mef1|state                ;
+---------+---------+---------+---------+---------+---------+---------+
; Name    ; state.C ; state.E ; state.P ; state.A ; state.S ; state.I ;
+---------+---------+---------+---------+---------+---------+---------+
; state.I ; 0       ; 0       ; 0       ; 0       ; 0       ; 0       ;
; state.S ; 0       ; 0       ; 0       ; 0       ; 1       ; 1       ;
; state.A ; 0       ; 0       ; 0       ; 1       ; 0       ; 1       ;
; state.P ; 0       ; 0       ; 1       ; 0       ; 0       ; 1       ;
; state.E ; 0       ; 1       ; 0       ; 0       ; 0       ; 1       ;
; state.C ; 1       ; 0       ; 0       ; 0       ; 0       ; 1       ;
+---------+---------+---------+---------+---------+---------+---------+


Encoding Type:  One-Hot
+--------------------------------------------------+
; State Machine - |main|LevelToPulseMoore:l3|state ;
+---------+---------+---------+--------------------+
; Name    ; state.A ; state.C ; state.B            ;
+---------+---------+---------+--------------------+
; state.A ; 0       ; 0       ; 0                  ;
; state.B ; 1       ; 0       ; 1                  ;
; state.C ; 1       ; 1       ; 0                  ;
+---------+---------+---------+--------------------+


Encoding Type:  One-Hot
+--------------------------------------------------+
; State Machine - |main|LevelToPulseMoore:l2|state ;
+---------+---------+---------+--------------------+
; Name    ; state.A ; state.C ; state.B            ;
+---------+---------+---------+--------------------+
; state.A ; 0       ; 0       ; 0                  ;
; state.B ; 1       ; 0       ; 1                  ;
; state.C ; 1       ; 1       ; 0                  ;
+---------+---------+---------+--------------------+


Encoding Type:  One-Hot
+--------------------------------------------------+
; State Machine - |main|LevelToPulseMoore:l1|state ;
+---------+---------+---------+--------------------+
; Name    ; state.A ; state.C ; state.B            ;
+---------+---------+---------+--------------------+
; state.A ; 0       ; 0       ; 0                  ;
; state.B ; 1       ; 0       ; 1                  ;
; state.C ; 1       ; 1       ; 0                  ;
+---------+---------+---------+--------------------+


Encoding Type:  One-Hot
+--------------------------------------------------+
; State Machine - |main|LevelToPulseMoore:l0|state ;
+---------+---------+---------+--------------------+
; Name    ; state.A ; state.C ; state.B            ;
+---------+---------+---------+--------------------+
; state.A ; 0       ; 0       ; 0                  ;
; state.B ; 1       ; 0       ; 1                  ;
; state.C ; 1       ; 1       ; 0                  ;
+---------+---------+---------+--------------------+


+----------------------------------------------------------------------------------+
; Registers Removed During Synthesis                                               ;
+-----------------------------------------+----------------------------------------+
; Register name                           ; Reason for Removal                     ;
+-----------------------------------------+----------------------------------------+
; Divisor_Frequencia:divisor_freq|Out[15] ; Stuck at GND due to stuck port data_in ;
; LevelToPulseMoore:l3|state.C            ; Lost fanout                            ;
; LevelToPulseMoore:l2|state.C            ; Lost fanout                            ;
; LevelToPulseMoore:l1|state.C            ; Lost fanout                            ;
; LevelToPulseMoore:l0|state.C            ; Lost fanout                            ;
; MEF_Senha_DEBUG:mef2|state~2            ; Lost fanout                            ;
; MEF_Senha_DEBUG:mef2|state~3            ; Lost fanout                            ;
; MEF_Senha_DEBUG:mef2|state~4            ; Lost fanout                            ;
; MEF_Principal_DEBUG:mef1|state~2        ; Lost fanout                            ;
; MEF_Principal_DEBUG:mef1|state~3        ; Lost fanout                            ;
; MEF_Principal_DEBUG:mef1|state~4        ; Lost fanout                            ;
; Total Number of Removed Registers = 11  ;                                        ;
+-----------------------------------------+----------------------------------------+


+------------------------------------------------------+
; General Register Statistics                          ;
+----------------------------------------------+-------+
; Statistic                                    ; Value ;
+----------------------------------------------+-------+
; Total registers                              ; 97    ;
; Number of registers using Synchronous Clear  ; 26    ;
; Number of registers using Synchronous Load   ; 0     ;
; Number of registers using Asynchronous Clear ; 0     ;
; Number of registers using Asynchronous Load  ; 0     ;
; Number of registers using Clock Enable       ; 0     ;
; Number of registers using Preset             ; 0     ;
+----------------------------------------------+-------+


+-----------------------------------------------------------------------------------------------------------------------------------------------------+
; Multiplexer Restructuring Statistics (Restructuring Performed)                                                                                      ;
+--------------------+-----------+---------------+----------------------+------------------------+------------+---------------------------------------+
; Multiplexer Inputs ; Bus Width ; Baseline Area ; Area if Restructured ; Saving if Restructured ; Registered ; Example Multiplexer Output            ;
+--------------------+-----------+---------------+----------------------+------------------------+------------+---------------------------------------+
; 3:1                ; 10 bits   ; 20 LEs        ; 10 LEs               ; 10 LEs                 ; Yes        ; |main|Temporizador_20s:timer|count[8] ;
+--------------------+-----------+---------------+----------------------+------------------------+------------+---------------------------------------+


+-------------------------------------------------------------------+
; Parameter Settings for User Entity Instance: LevelToPulseMoore:l0 ;
+----------------+-------+------------------------------------------+
; Parameter Name ; Value ; Type                                     ;
+----------------+-------+------------------------------------------+
; A              ; 00    ; Unsigned Binary                          ;
; B              ; 01    ; Unsigned Binary                          ;
; C              ; 10    ; Unsigned Binary                          ;
+----------------+-------+------------------------------------------+
Note: In order to hide this table in the UI and the text report file, please set the "Show Parameter Settings in Synthesis Report" option in "Analysis and Synthesis Settings -> More Settings" to "Off".


+-------------------------------------------------------------------+
; Parameter Settings for User Entity Instance: LevelToPulseMoore:l1 ;
+----------------+-------+------------------------------------------+
; Parameter Name ; Value ; Type                                     ;
+----------------+-------+------------------------------------------+
; A              ; 00    ; Unsigned Binary                          ;
; B              ; 01    ; Unsigned Binary                          ;
; C              ; 10    ; Unsigned Binary                          ;
+----------------+-------+------------------------------------------+
Note: In order to hide this table in the UI and the text report file, please set the "Show Parameter Settings in Synthesis Report" option in "Analysis and Synthesis Settings -> More Settings" to "Off".


+-------------------------------------------------------------------+
; Parameter Settings for User Entity Instance: LevelToPulseMoore:l2 ;
+----------------+-------+------------------------------------------+
; Parameter Name ; Value ; Type                                     ;
+----------------+-------+------------------------------------------+
; A              ; 00    ; Unsigned Binary                          ;
; B              ; 01    ; Unsigned Binary                          ;
; C              ; 10    ; Unsigned Binary                          ;
+----------------+-------+------------------------------------------+
Note: In order to hide this table in the UI and the text report file, please set the "Show Parameter Settings in Synthesis Report" option in "Analysis and Synthesis Settings -> More Settings" to "Off".


+-------------------------------------------------------------------+
; Parameter Settings for User Entity Instance: LevelToPulseMoore:l3 ;
+----------------+-------+------------------------------------------+
; Parameter Name ; Value ; Type                                     ;
+----------------+-------+------------------------------------------+
; A              ; 00    ; Unsigned Binary                          ;
; B              ; 01    ; Unsigned Binary                          ;
; C              ; 10    ; Unsigned Binary                          ;
+----------------+-------+------------------------------------------+
Note: In order to hide this table in the UI and the text report file, please set the "Show Parameter Settings in Synthesis Report" option in "Analysis and Synthesis Settings -> More Settings" to "Off".


+-----------------------------------------------------------------------+
; Parameter Settings for User Entity Instance: MEF_Principal_DEBUG:mef1 ;
+----------------+-------+----------------------------------------------+
; Parameter Name ; Value ; Type                                         ;
+----------------+-------+----------------------------------------------+
; I              ; 000   ; Unsigned Binary                              ;
; S              ; 001   ; Unsigned Binary                              ;
; A              ; 010   ; Unsigned Binary                              ;
; P              ; 011   ; Unsigned Binary                              ;
; E              ; 100   ; Unsigned Binary                              ;
; C              ; 101   ; Unsigned Binary                              ;
+----------------+-------+----------------------------------------------+
Note: In order to hide this table in the UI and the text report file, please set the "Show Parameter Settings in Synthesis Report" option in "Analysis and Synthesis Settings -> More Settings" to "Off".


+-------------------------------------------------------------------+
; Parameter Settings for User Entity Instance: MEF_Senha_DEBUG:mef2 ;
+----------------+-------+------------------------------------------+
; Parameter Name ; Value ; Type                                     ;
+----------------+-------+------------------------------------------+
; S0             ; 000   ; Unsigned Binary                          ;
; S1             ; 001   ; Unsigned Binary                          ;
; S2             ; 010   ; Unsigned Binary                          ;
; S3             ; 011   ; Unsigned Binary                          ;
; S4             ; 100   ; Unsigned Binary                          ;
; OK             ; 101   ; Unsigned Binary                          ;
; ER             ; 110   ; Unsigned Binary                          ;
; IN             ; 111   ; Unsigned Binary                          ;
; senha1         ; 00    ; Unsigned Binary                          ;
; senha2         ; 10    ; Unsigned Binary                          ;
; senha3         ; 10    ; Unsigned Binary                          ;
; senha4         ; 00    ; Unsigned Binary                          ;
+----------------+-------+------------------------------------------+
Note: In order to hide this table in the UI and the text report file, please set the "Show Parameter Settings in Synthesis Report" option in "Analysis and Synthesis Settings -> More Settings" to "Off".


+-------------------------------+
; Analysis & Synthesis Messages ;
+-------------------------------+
Info: *******************************************************************
Info: Running Quartus Prime Analysis & Synthesis
    Info: Version 18.1.0 Build 625 09/12/2018 SJ Lite Edition
    Info: Processing started: Fri Dec 16 18:24:43 2022
Info: Command: quartus_map --read_settings_files=on --write_settings_files=off p3 -c p3
Warning (18236): Number of processors has not been specified which may cause overloading on shared machines.  Set the global assignment NUM_PARALLEL_PROCESSORS in your QSF to an appropriate value for best performance.
Info (20030): Parallel compilation is enabled and will use 4 of the 4 processors detected
Info (12021): Found 1 design units, including 1 entities, in source file codificador_botoes.v
    Info (12023): Found entity 1: Codificador_Botoes File: C:/Users/washi/Downloads/problema_03/Codificador_Botoes.v Line: 13
Info (12021): Found 1 design units, including 1 entities, in source file leveltopulsemoore.v
    Info (12023): Found entity 1: LevelToPulseMoore File: C:/Users/washi/Downloads/problema_03/LevelToPulseMoore.v Line: 2
Info (12021): Found 1 design units, including 1 entities, in source file mef_senha_debug.v
    Info (12023): Found entity 1: MEF_Senha_DEBUG File: C:/Users/washi/Downloads/problema_03/MEF_Senha_DEBUG.v Line: 13
Info (12021): Found 1 design units, including 1 entities, in source file mef_principal_debug.v
    Info (12023): Found entity 1: MEF_Principal_DEBUG File: C:/Users/washi/Downloads/problema_03/MEF_Principal_DEBUG.v Line: 15
Info (12021): Found 1 design units, including 1 entities, in source file main.v
    Info (12023): Found entity 1: main File: C:/Users/washi/Downloads/problema_03/main.v Line: 1
Info (12021): Found 1 design units, including 1 entities, in source file divisor_frequencia.v
    Info (12023): Found entity 1: Divisor_Frequencia File: C:/Users/washi/Downloads/problema_03/Divisor_Frequencia.v Line: 1
Info (12021): Found 1 design units, including 1 entities, in source file decodificador_segmentos.v
    Info (12023): Found entity 1: Decodificador_Segmentos File: C:/Users/washi/Downloads/problema_03/Decodificador_Segmentos.v Line: 1
Info (12021): Found 1 design units, including 1 entities, in source file turn_on_digit.v
    Info (12023): Found entity 1: Turn_On_Digit File: C:/Users/washi/Downloads/problema_03/Turn_On_Digit.v Line: 9
Info (12021): Found 1 design units, including 1 entities, in source file scheduler.v
    Info (12023): Found entity 1: Scheduler File: C:/Users/washi/Downloads/problema_03/Scheduler.v Line: 5
Info (12021): Found 1 design units, including 1 entities, in source file on_display.v
    Info (12023): Found entity 1: On_Display File: C:/Users/washi/Downloads/problema_03/On_Display.v Line: 4
Info (12021): Found 1 design units, including 1 entities, in source file controller_rgb.v
    Info (12023): Found entity 1: Controller_RGB File: C:/Users/washi/Downloads/problema_03/Controller_RGB.v Line: 5
Info (12021): Found 1 design units, including 1 entities, in source file controller_cancela.v
    Info (12023): Found entity 1: Controller_Cancela File: C:/Users/washi/Downloads/problema_03/Controller_Cancela.v Line: 1
Info (12021): Found 1 design units, including 1 entities, in source file codificador_estados.v
    Info (12023): Found entity 1: Codificador_Estados File: C:/Users/washi/Downloads/problema_03/Codificador_Estados.v Line: 1
Info (12021): Found 1 design units, including 1 entities, in source file divisor_frequencia_1hz.v
    Info (12023): Found entity 1: Divisor_Frequencia_1Hz File: C:/Users/washi/Downloads/problema_03/Divisor_Frequencia_1Hz.v Line: 1
Info (12021): Found 1 design units, including 1 entities, in source file temporizador_20s.v
    Info (12023): Found entity 1: Temporizador_20s File: C:/Users/washi/Downloads/problema_03/Temporizador_20s.v Line: 1
Info (12021): Found 1 design units, including 1 entities, in source file primeiro_divisor.v
    Info (12023): Found entity 1: Primeiro_Divisor File: C:/Users/washi/Downloads/problema_03/Primeiro_Divisor.v Line: 1
Info (12127): Elaborating entity "main" for the top level hierarchy
Info (12128): Elaborating entity "Primeiro_Divisor" for hierarchy "Primeiro_Divisor:divisor_c" File: C:/Users/washi/Downloads/problema_03/main.v Line: 29
Info (12128): Elaborating entity "LevelToPulseMoore" for hierarchy "LevelToPulseMoore:l0" File: C:/Users/washi/Downloads/problema_03/main.v Line: 31
Info (12128): Elaborating entity "Codificador_Botoes" for hierarchy "Codificador_Botoes:codificador1" File: C:/Users/washi/Downloads/problema_03/main.v Line: 37
Info (12128): Elaborating entity "MEF_Principal_DEBUG" for hierarchy "MEF_Principal_DEBUG:mef1" File: C:/Users/washi/Downloads/problema_03/main.v Line: 40
Info (12128): Elaborating entity "MEF_Senha_DEBUG" for hierarchy "MEF_Senha_DEBUG:mef2" File: C:/Users/washi/Downloads/problema_03/main.v Line: 43
Info (12128): Elaborating entity "Controller_RGB" for hierarchy "Controller_RGB:controller1" File: C:/Users/washi/Downloads/problema_03/main.v Line: 46
Info (12128): Elaborating entity "Controller_Cancela" for hierarchy "Controller_Cancela:controller2" File: C:/Users/washi/Downloads/problema_03/main.v Line: 49
Info (12128): Elaborating entity "Codificador_Estados" for hierarchy "Codificador_Estados:codificador2" File: C:/Users/washi/Downloads/problema_03/main.v Line: 52
Info (12128): Elaborating entity "Divisor_Frequencia" for hierarchy "Divisor_Frequencia:divisor_freq" File: C:/Users/washi/Downloads/problema_03/main.v Line: 53
Info (12128): Elaborating entity "Divisor_Frequencia_1Hz" for hierarchy "Divisor_Frequencia_1Hz:divisor_1hz" File: C:/Users/washi/Downloads/problema_03/main.v Line: 55
Info (12128): Elaborating entity "Temporizador_20s" for hierarchy "Temporizador_20s:timer" File: C:/Users/washi/Downloads/problema_03/main.v Line: 56
Info (12128): Elaborating entity "Decodificador_Segmentos" for hierarchy "Decodificador_Segmentos:decoder1" File: C:/Users/washi/Downloads/problema_03/main.v Line: 58
Info (12128): Elaborating entity "On_Display" for hierarchy "On_Display:on_off_display" File: C:/Users/washi/Downloads/problema_03/main.v Line: 61
Info (12128): Elaborating entity "Scheduler" for hierarchy "Scheduler:escalonador_digito" File: C:/Users/washi/Downloads/problema_03/main.v Line: 62
Info (12128): Elaborating entity "Turn_On_Digit" for hierarchy "Turn_On_Digit:hh" File: C:/Users/washi/Downloads/problema_03/main.v Line: 63
Info (17049): 10 registers lost all their fanouts during netlist optimizations.
Info (21057): Implemented 192 device resources after synthesis - the final resource count might be different
    Info (21058): Implemented 8 input pins
    Info (21059): Implemented 16 output pins
    Info (21061): Implemented 168 logic cells
Info: Quartus Prime Analysis & Synthesis was successful. 0 errors, 1 warning
    Info: Peak virtual memory: 4711 megabytes
    Info: Processing ended: Fri Dec 16 18:26:25 2022
    Info: Elapsed time: 00:01:42
    Info: Total CPU time (on all processors): 00:02:21


