Analysis & Synthesis report for pbl1
Sun Sep 25 00:10:45 2022
Quartus Prime Version 18.1.0 Build 625 09/12/2018 SJ Lite Edition


---------------------
; Table of Contents ;
---------------------
  1. Legal Notice
  2. Analysis & Synthesis Summary
  3. Analysis & Synthesis Settings
  4. Parallel Compilation
  5. Analysis & Synthesis Source Files Read
  6. Analysis & Synthesis Resource Usage Summary
  7. Analysis & Synthesis Resource Utilization by Entity
  8. General Register Statistics
  9. Analysis & Synthesis Messages



----------------
; Legal Notice ;
----------------
Copyright (C) 2018  Intel Corporation. All rights reserved.
Your use of Intel Corporation's design tools, logic functions 
and other software and tools, and its AMPP partner logic 
functions, and any output files from any of the foregoing 
(including device programming or simulation files), and any 
associated documentation or information are expressly subject 
to the terms and conditions of the Intel Program License 
Subscription Agreement, the Intel Quartus Prime License Agreement,
the Intel FPGA IP License Agreement, or other applicable license
agreement, including, without limitation, that your use is for
the sole purpose of programming logic devices manufactured by
Intel and sold by Intel or its authorized distributors.  Please
refer to the applicable agreement for further details.



+---------------------------------------------------------------------------+
; Analysis & Synthesis Summary                                              ;
+-----------------------------+---------------------------------------------+
; Analysis & Synthesis Status ; Successful - Sun Sep 25 00:10:45 2022       ;
; Quartus Prime Version       ; 18.1.0 Build 625 09/12/2018 SJ Lite Edition ;
; Revision Name               ; pbl1                                        ;
; Top-level Entity Name       ; module_main                                 ;
; Family                      ; MAX II                                      ;
; Total logic elements        ; 16                                          ;
; Total pins                  ; 23                                          ;
; Total virtual pins          ; 0                                           ;
; UFM blocks                  ; 0 / 1 ( 0 % )                               ;
+-----------------------------+---------------------------------------------+


+------------------------------------------------------------------------------------------------------------+
; Analysis & Synthesis Settings                                                                              ;
+------------------------------------------------------------------+--------------------+--------------------+
; Option                                                           ; Setting            ; Default Value      ;
+------------------------------------------------------------------+--------------------+--------------------+
; Device                                                           ; EPM240T100C5       ;                    ;
; Top-level entity name                                            ; module_main        ; pbl1               ;
; Family name                                                      ; MAX II             ; Cyclone V          ;
; Use smart compilation                                            ; Off                ; Off                ;
; Enable parallel Assembler and Timing Analyzer during compilation ; On                 ; On                 ;
; Enable compact report table                                      ; Off                ; Off                ;
; Restructure Multiplexers                                         ; Auto               ; Auto               ;
; Create Debugging Nodes for IP Cores                              ; Off                ; Off                ;
; Preserve fewer node names                                        ; On                 ; On                 ;
; Intel FPGA IP Evaluation Mode                                    ; Enable             ; Enable             ;
; Verilog Version                                                  ; Verilog_2001       ; Verilog_2001       ;
; VHDL Version                                                     ; VHDL_1993          ; VHDL_1993          ;
; State Machine Processing                                         ; Auto               ; Auto               ;
; Safe State Machine                                               ; Off                ; Off                ;
; Extract Verilog State Machines                                   ; On                 ; On                 ;
; Extract VHDL State Machines                                      ; On                 ; On                 ;
; Ignore Verilog initial constructs                                ; Off                ; Off                ;
; Iteration limit for constant Verilog loops                       ; 5000               ; 5000               ;
; Iteration limit for non-constant Verilog loops                   ; 250                ; 250                ;
; Add Pass-Through Logic to Inferred RAMs                          ; On                 ; On                 ;
; Infer RAMs from Raw Logic                                        ; On                 ; On                 ;
; Parallel Synthesis                                               ; On                 ; On                 ;
; NOT Gate Push-Back                                               ; On                 ; On                 ;
; Power-Up Don't Care                                              ; On                 ; On                 ;
; Remove Redundant Logic Cells                                     ; Off                ; Off                ;
; Remove Duplicate Registers                                       ; On                 ; On                 ;
; Ignore CARRY Buffers                                             ; Off                ; Off                ;
; Ignore CASCADE Buffers                                           ; Off                ; Off                ;
; Ignore GLOBAL Buffers                                            ; Off                ; Off                ;
; Ignore ROW GLOBAL Buffers                                        ; Off                ; Off                ;
; Ignore LCELL Buffers                                             ; Off                ; Off                ;
; Ignore SOFT Buffers                                              ; On                 ; On                 ;
; Limit AHDL Integers to 32 Bits                                   ; Off                ; Off                ;
; Optimization Technique                                           ; Balanced           ; Balanced           ;
; Carry Chain Length                                               ; 70                 ; 70                 ;
; Auto Carry Chains                                                ; On                 ; On                 ;
; Auto Open-Drain Pins                                             ; On                 ; On                 ;
; Perform WYSIWYG Primitive Resynthesis                            ; Off                ; Off                ;
; Auto Shift Register Replacement                                  ; Auto               ; Auto               ;
; Allow Shift Register Merging across Hierarchies                  ; Auto               ; Auto               ;
; Auto Clock Enable Replacement                                    ; On                 ; On                 ;
; Allow Synchronous Control Signals                                ; On                 ; On                 ;
; Force Use of Synchronous Clear Signals                           ; Off                ; Off                ;
; Auto Resource Sharing                                            ; Off                ; Off                ;
; Use LogicLock Constraints during Resource Balancing              ; On                 ; On                 ;
; Ignore translate_off and synthesis_off directives                ; Off                ; Off                ;
; Report Parameter Settings                                        ; On                 ; On                 ;
; Report Source Assignments                                        ; On                 ; On                 ;
; Report Connectivity Checks                                       ; On                 ; On                 ;
; Ignore Maximum Fan-Out Assignments                               ; Off                ; Off                ;
; Synchronization Register Chain Length                            ; 2                  ; 2                  ;
; Power Optimization During Synthesis                              ; Normal compilation ; Normal compilation ;
; HDL message level                                                ; Level2             ; Level2             ;
; Suppress Register Optimization Related Messages                  ; Off                ; Off                ;
; Number of Removed Registers Reported in Synthesis Report         ; 5000               ; 5000               ;
; Number of Swept Nodes Reported in Synthesis Report               ; 5000               ; 5000               ;
; Number of Inverted Registers Reported in Synthesis Report        ; 100                ; 100                ;
; Clock MUX Protection                                             ; On                 ; On                 ;
; Block Design Naming                                              ; Auto               ; Auto               ;
; Synthesis Effort                                                 ; Auto               ; Auto               ;
; Shift Register Replacement - Allow Asynchronous Clear Signal     ; On                 ; On                 ;
; Analysis & Synthesis Message Level                               ; Medium             ; Medium             ;
; Disable Register Merging Across Hierarchies                      ; Auto               ; Auto               ;
+------------------------------------------------------------------+--------------------+--------------------+


+------------------------------------------+
; Parallel Compilation                     ;
+----------------------------+-------------+
; Processors                 ; Number      ;
+----------------------------+-------------+
; Number detected on machine ; 4           ;
; Maximum allowed            ; 4           ;
;                            ;             ;
; Average used               ; 1.00        ;
; Maximum used               ; 1           ;
;                            ;             ;
; Usage by Processor         ; % Time Used ;
;     Processor 1            ; 100.0%      ;
+----------------------------+-------------+


+----------------------------------------------------------------------------------------------------------------------------------------------------------------+
; Analysis & Synthesis Source Files Read                                                                                                                         ;
+----------------------------------+-----------------+------------------------+------------------------------------------------------------------------+---------+
; File Name with User-Entered Path ; Used in Netlist ; File Type              ; File Name with Absolute Path                                           ; Library ;
+----------------------------------+-----------------+------------------------+------------------------------------------------------------------------+---------+
; sub_half.v                       ; yes             ; User Verilog HDL File  ; C:/Users/washi/Downloads/quartus/pbl1/problema_01/sub_half.v           ;         ;
; sub_complete.v                   ; yes             ; User Verilog HDL File  ; C:/Users/washi/Downloads/quartus/pbl1/problema_01/sub_complete.v       ;         ;
; module_sub.v                     ; yes             ; User Verilog HDL File  ; C:/Users/washi/Downloads/quartus/pbl1/problema_01/module_sub.v         ;         ;
; module_signa.v                   ; yes             ; User Verilog HDL File  ; C:/Users/washi/Downloads/quartus/pbl1/problema_01/module_signa.v       ;         ;
; module_show_disp.v               ; yes             ; User Verilog HDL File  ; C:/Users/washi/Downloads/quartus/pbl1/problema_01/module_show_disp.v   ;         ;
; module_power_digit.v             ; yes             ; User Verilog HDL File  ; C:/Users/washi/Downloads/quartus/pbl1/problema_01/module_power_digit.v ;         ;
; module_main.v                    ; yes             ; User Verilog HDL File  ; C:/Users/washi/Downloads/quartus/pbl1/problema_01/module_main.v        ;         ;
; ever_high.v                      ; yes             ; User Verilog HDL File  ; C:/Users/washi/Downloads/quartus/pbl1/problema_01/ever_high.v          ;         ;
+----------------------------------+-----------------+------------------------+------------------------------------------------------------------------+---------+


+------------------------------------------------------------------------------------------------+
; Analysis & Synthesis Resource Usage Summary                                                    ;
+---------------------------------------------+--------------------------------------------------+
; Resource                                    ; Usage                                            ;
+---------------------------------------------+--------------------------------------------------+
; Total logic elements                        ; 16                                               ;
;     -- Combinational with no register       ; 16                                               ;
;     -- Register only                        ; 0                                                ;
;     -- Combinational with a register        ; 0                                                ;
;                                             ;                                                  ;
; Logic element usage by number of LUT inputs ;                                                  ;
;     -- 4 input functions                    ; 10                                               ;
;     -- 3 input functions                    ; 4                                                ;
;     -- 2 input functions                    ; 2                                                ;
;     -- 1 input functions                    ; 0                                                ;
;     -- 0 input functions                    ; 0                                                ;
;                                             ;                                                  ;
; Logic elements by mode                      ;                                                  ;
;     -- normal mode                          ; 16                                               ;
;     -- arithmetic mode                      ; 0                                                ;
;     -- qfbk mode                            ; 0                                                ;
;     -- register cascade mode                ; 0                                                ;
;     -- synchronous clear/load mode          ; 0                                                ;
;     -- asynchronous clear/load mode         ; 0                                                ;
;                                             ;                                                  ;
; Total registers                             ; 0                                                ;
; I/O pins                                    ; 23                                               ;
; Maximum fan-out node                        ; module_sub:circ_sub|sub_complete:circuito3|Or0~0 ;
; Maximum fan-out                             ; 7                                                ;
; Total fan-out                               ; 67                                               ;
; Average fan-out                             ; 1.72                                             ;
+---------------------------------------------+--------------------------------------------------+


+---------------------------------------------------------------------------------------------------------------------------------------------------------------------------------------------------------------------------------------------------------------------------------------+
; Analysis & Synthesis Resource Utilization by Entity                                                                                                                                                                                                                                   ;
+--------------------------------------+-------------+--------------+------------+------+--------------+--------------+-------------------+------------------+-----------------+------------+---------------------------------------------------------+------------------+--------------+
; Compilation Hierarchy Node           ; Logic Cells ; LC Registers ; UFM Blocks ; Pins ; Virtual Pins ; LUT-Only LCs ; Register-Only LCs ; LUT/Register LCs ; Carry Chain LCs ; Packed LCs ; Full Hierarchy Name                                     ; Entity Name      ; Library Name ;
+--------------------------------------+-------------+--------------+------------+------+--------------+--------------+-------------------+------------------+-----------------+------------+---------------------------------------------------------+------------------+--------------+
; |module_main                         ; 16 (0)      ; 0            ; 0          ; 23   ; 0            ; 16 (0)       ; 0 (0)             ; 0 (0)            ; 0 (0)           ; 0 (0)      ; |module_main                                            ; module_main      ; work         ;
;    |module_show_disp:circ_show_disp| ; 4 (4)       ; 0            ; 0          ; 0    ; 0            ; 4 (4)        ; 0 (0)             ; 0 (0)            ; 0 (0)           ; 0 (0)      ; |module_main|module_show_disp:circ_show_disp            ; module_show_disp ; work         ;
;    |module_signa:circ_signal|        ; 4 (4)       ; 0            ; 0          ; 0    ; 0            ; 4 (4)        ; 0 (0)             ; 0 (0)            ; 0 (0)           ; 0 (0)      ; |module_main|module_signa:circ_signal                   ; module_signa     ; work         ;
;    |module_sub:circ_sub|             ; 8 (0)       ; 0            ; 0          ; 0    ; 0            ; 8 (0)        ; 0 (0)             ; 0 (0)            ; 0 (0)           ; 0 (0)      ; |module_main|module_sub:circ_sub                        ; module_sub       ; work         ;
;       |sub_complete:circuito1|       ; 2 (2)       ; 0            ; 0          ; 0    ; 0            ; 2 (2)        ; 0 (0)             ; 0 (0)            ; 0 (0)           ; 0 (0)      ; |module_main|module_sub:circ_sub|sub_complete:circuito1 ; sub_complete     ; work         ;
;       |sub_complete:circuito2|       ; 2 (2)       ; 0            ; 0          ; 0    ; 0            ; 2 (2)        ; 0 (0)             ; 0 (0)            ; 0 (0)           ; 0 (0)      ; |module_main|module_sub:circ_sub|sub_complete:circuito2 ; sub_complete     ; work         ;
;       |sub_complete:circuito3|       ; 3 (3)       ; 0            ; 0          ; 0    ; 0            ; 3 (3)        ; 0 (0)             ; 0 (0)            ; 0 (0)           ; 0 (0)      ; |module_main|module_sub:circ_sub|sub_complete:circuito3 ; sub_complete     ; work         ;
;       |sub_half:circuito0|           ; 1 (1)       ; 0            ; 0          ; 0    ; 0            ; 1 (1)        ; 0 (0)             ; 0 (0)            ; 0 (0)           ; 0 (0)      ; |module_main|module_sub:circ_sub|sub_half:circuito0     ; sub_half         ; work         ;
+--------------------------------------+-------------+--------------+------------+------+--------------+--------------+-------------------+------------------+-----------------+------------+---------------------------------------------------------+------------------+--------------+
Note: For table entries with two numbers listed, the numbers in parentheses indicate the number of resources of the given type used by the specific entity alone. The numbers listed outside of parentheses indicate the total resources of the given type used by the specific entity and all of its sub-entities in the hierarchy.


+------------------------------------------------------+
; General Register Statistics                          ;
+----------------------------------------------+-------+
; Statistic                                    ; Value ;
+----------------------------------------------+-------+
; Total registers                              ; 0     ;
; Number of registers using Synchronous Clear  ; 0     ;
; Number of registers using Synchronous Load   ; 0     ;
; Number of registers using Asynchronous Clear ; 0     ;
; Number of registers using Asynchronous Load  ; 0     ;
; Number of registers using Clock Enable       ; 0     ;
; Number of registers using Preset             ; 0     ;
+----------------------------------------------+-------+


+-------------------------------+
; Analysis & Synthesis Messages ;
+-------------------------------+
Info: *******************************************************************
Info: Running Quartus Prime Analysis & Synthesis
    Info: Version 18.1.0 Build 625 09/12/2018 SJ Lite Edition
    Info: Processing started: Sun Sep 25 00:09:50 2022
Info: Command: quartus_map --read_settings_files=on --write_settings_files=off pbl1 -c pbl1
Warning (18236): Number of processors has not been specified which may cause overloading on shared machines.  Set the global assignment NUM_PARALLEL_PROCESSORS in your QSF to an appropriate value for best performance.
Info (20030): Parallel compilation is enabled and will use 4 of the 4 processors detected
Info (12021): Found 1 design units, including 1 entities, in source file sub_half.v
    Info (12023): Found entity 1: sub_half File: C:/Users/washi/Downloads/quartus/pbl1/problema_01/sub_half.v Line: 4
Info (12021): Found 1 design units, including 1 entities, in source file sub_complete.v
    Info (12023): Found entity 1: sub_complete File: C:/Users/washi/Downloads/quartus/pbl1/problema_01/sub_complete.v Line: 4
Info (12021): Found 1 design units, including 1 entities, in source file module_sub.v
    Info (12023): Found entity 1: module_sub File: C:/Users/washi/Downloads/quartus/pbl1/problema_01/module_sub.v Line: 6
Info (12021): Found 1 design units, including 1 entities, in source file module_signa.v
    Info (12023): Found entity 1: module_signa File: C:/Users/washi/Downloads/quartus/pbl1/problema_01/module_signa.v Line: 4
Info (12021): Found 1 design units, including 1 entities, in source file module_show_disp.v
    Info (12023): Found entity 1: module_show_disp File: C:/Users/washi/Downloads/quartus/pbl1/problema_01/module_show_disp.v Line: 4
Info (12021): Found 1 design units, including 1 entities, in source file module_power_digit.v
    Info (12023): Found entity 1: module_power_digit File: C:/Users/washi/Downloads/quartus/pbl1/problema_01/module_power_digit.v Line: 4
Info (12021): Found 1 design units, including 1 entities, in source file module_main.v
    Info (12023): Found entity 1: module_main File: C:/Users/washi/Downloads/quartus/pbl1/problema_01/module_main.v Line: 4
Info (12021): Found 1 design units, including 1 entities, in source file ever_high.v
    Info (12023): Found entity 1: ever_high File: C:/Users/washi/Downloads/quartus/pbl1/problema_01/ever_high.v Line: 4
Info (12127): Elaborating entity "module_main" for the top level hierarchy
Info (12128): Elaborating entity "module_sub" for hierarchy "module_sub:circ_sub" File: C:/Users/washi/Downloads/quartus/pbl1/problema_01/module_main.v Line: 14
Info (12128): Elaborating entity "sub_half" for hierarchy "module_sub:circ_sub|sub_half:circuito0" File: C:/Users/washi/Downloads/quartus/pbl1/problema_01/module_sub.v Line: 12
Info (12128): Elaborating entity "sub_complete" for hierarchy "module_sub:circ_sub|sub_complete:circuito1" File: C:/Users/washi/Downloads/quartus/pbl1/problema_01/module_sub.v Line: 13
Info (12128): Elaborating entity "module_signa" for hierarchy "module_signa:circ_signal" File: C:/Users/washi/Downloads/quartus/pbl1/problema_01/module_main.v Line: 15
Info (12128): Elaborating entity "module_power_digit" for hierarchy "module_power_digit:circ_disp_on" File: C:/Users/washi/Downloads/quartus/pbl1/problema_01/module_main.v Line: 16
Info (12128): Elaborating entity "ever_high" for hierarchy "module_power_digit:circ_disp_on|ever_high:circ_out_high" File: C:/Users/washi/Downloads/quartus/pbl1/problema_01/module_power_digit.v Line: 9
Info (12128): Elaborating entity "module_show_disp" for hierarchy "module_show_disp:circ_show_disp" File: C:/Users/washi/Downloads/quartus/pbl1/problema_01/module_main.v Line: 17
Info (13014): Ignored 5 buffer(s)
    Info (13019): Ignored 5 SOFT buffer(s)
Warning (13024): Output pins are stuck at VCC or GND
    Warning (13410): Pin "Display[1]" is stuck at VCC File: C:/Users/washi/Downloads/quartus/pbl1/problema_01/module_main.v Line: 7
    Warning (13410): Pin "Display[2]" is stuck at VCC File: C:/Users/washi/Downloads/quartus/pbl1/problema_01/module_main.v Line: 7
    Warning (13410): Pin "Display[3]" is stuck at VCC File: C:/Users/washi/Downloads/quartus/pbl1/problema_01/module_main.v Line: 7
    Warning (13410): Pin "B" is stuck at GND File: C:/Users/washi/Downloads/quartus/pbl1/problema_01/module_main.v Line: 8
Info (21057): Implemented 39 device resources after synthesis - the final resource count might be different
    Info (21058): Implemented 8 input pins
    Info (21059): Implemented 15 output pins
    Info (21061): Implemented 16 logic cells
Info: Quartus Prime Analysis & Synthesis was successful. 0 errors, 6 warnings
    Info: Peak virtual memory: 4713 megabytes
    Info: Processing ended: Sun Sep 25 00:10:45 2022
    Info: Elapsed time: 00:00:55
    Info: Total CPU time (on all processors): 00:01:50


